INFO:root:Connecting to sqlite database
INFO:root:Connected successfully
INFO:root:Checking if contactos.db exists
INFO:root:contactos.db does not exists, creating file...
INFO:root:contactos.db successfully created!
INFO:root:Connecting to sqlite database
INFO:root:Connected successfully
INFO:root:Checking if contactos.db exists
INFO:root:contactos.db already exists!
INFO:root:Creating Tkinter frame container
INFO:root:Creating frames
INFO:root:Rendering frame all_contacts
INFO:root:Rendered successfully
INFO:root:Rendering frame add_contact
INFO:root:Rendered frame successfully
INFO:root:Rendering <class 'modules.main_menu.Menu'>
INFO:root:Rendering <class 'modules.add_contact.Add'>
INFO:root:Building view from ./views/contact.xml
INFO:root:Parsing XML...
INFO:root:XML successfully parsed
INFO:root:View built successfully!
INFO:root:Checking contact data
INFO:root:Adding record ['TEST CONTACT', '01230123', 'a@app.com'] on contactos
INFO:root:Query executed successfully
INFO:root:Rendering <class 'modules.main_menu.Menu'>
INFO:root:Rendering <class 'modules.all_contacts.All'>
INFO:root:Building view from ./views/contact.xml
INFO:root:Parsing XML...
INFO:root:XML successfully parsed
INFO:root:View built successfully!
INFO:root:Getting all data from contactos
INFO:root:Query executed successfully
INFO:root:Rendering <class 'modules.main_menu.Menu'>
INFO:root:Rendering <class 'modules.add_contact.Add'>
INFO:root:Building view from ./views/contact.xml
INFO:root:Parsing XML...
INFO:root:XML successfully parsed
INFO:root:View built successfully!
INFO:root:Checking contact data
INFO:root:Adding record ['mibb', '12313', 'mibb@bb.com'] on contactos
INFO:root:Query executed successfully
INFO:root:Rendering <class 'modules.main_menu.Menu'>
INFO:root:Rendering <class 'modules.all_contacts.All'>
INFO:root:Building view from ./views/contact.xml
INFO:root:Parsing XML...
INFO:root:XML successfully parsed
INFO:root:View built successfully!
INFO:root:Getting all data from contactos
INFO:root:Query executed successfully
INFO:root:Getting data by name on contactos
INFO:root:Query executed successfully
INFO:root:Getting data by name on contactos
INFO:root:Query executed successfully
INFO:root:Getting data by name on contactos
INFO:root:Query executed successfully
INFO:root:Getting all data from contactos
INFO:root:Query executed successfully
INFO:root:Rendering <class 'modules.main_menu.Menu'>
INFO:root:Program closed, ending database connection...
INFO:root:Connection finished successfully
INFO:root:Connecting to sqlite database
INFO:root:Connected successfully
INFO:root:Checking if contactos.db exists
INFO:root:contactos.db already exists!
INFO:root:Creating Tkinter frame container
INFO:root:Creating frames
INFO:root:Rendering frame all_contacts
INFO:root:Rendered successfully
INFO:root:Rendering frame add_contact
INFO:root:Rendered frame successfully
INFO:root:Rendering <class 'modules.main_menu.Menu'>
INFO:root:Rendering <class 'modules.add_contact.Add'>
INFO:root:Building view from ./views/contact.xml
INFO:root:Parsing XML...
INFO:root:XML successfully parsed
INFO:root:View built successfully!
INFO:root:Checking contact data
INFO:root:Adding record ['asdasd', 'asdadsads', '', ''] on contactos
INFO:root:Query executed successfully
INFO:root:Rendering <class 'modules.main_menu.Menu'>
INFO:root:Rendering <class 'modules.all_contacts.All'>
INFO:root:Building view from ./views/contact.xml
INFO:root:Parsing XML...
INFO:root:XML successfully parsed
INFO:root:View built successfully!
INFO:root:Getting all data from contactos
INFO:root:Query executed successfully
INFO:root:Program closed, ending database connection...
INFO:root:Connection finished successfully
INFO:root:Connecting to sqlite database
INFO:root:Connected successfully
INFO:root:Checking if contactos.db exists
INFO:root:contactos.db already exists!
INFO:root:Creating Tkinter frame container
INFO:root:Creating frames
INFO:root:Rendering frame all_contacts
INFO:root:Rendered successfully
INFO:root:Rendering frame add_contact
INFO:root:Rendered frame successfully
INFO:root:Rendering <class 'modules.main_menu.Menu'>
INFO:root:Rendering <class 'modules.all_contacts.All'>
INFO:root:Building view from ./views/contact.xml
INFO:root:Parsing XML...
INFO:root:XML successfully parsed
INFO:root:View built successfully!
INFO:root:Getting all data from contactos
INFO:root:Query executed successfully
INFO:root:Rendering <class 'modules.main_menu.Menu'>
INFO:root:Rendering <class 'modules.add_contact.Add'>
INFO:root:Building view from ./views/contact.xml
INFO:root:Parsing XML...
INFO:root:XML successfully parsed
INFO:root:View built successfully!
INFO:root:Checking contact data
ERROR:root:Debe ingresar un correo electronico valido
INFO:root:Checking contact data
INFO:root:Adding record ['asdasda', 'asdasdasd', 'asdasdad@asdasd.com', 'asdasdasd'] on contactos
INFO:root:Query executed successfully
INFO:root:Rendering <class 'modules.main_menu.Menu'>
INFO:root:Rendering <class 'modules.all_contacts.All'>
INFO:root:Building view from ./views/contact.xml
INFO:root:Parsing XML...
INFO:root:XML successfully parsed
INFO:root:View built successfully!
INFO:root:Getting all data from contactos
INFO:root:Query executed successfully
INFO:root:Program closed, ending database connection...
INFO:root:Connection finished successfully
INFO:root:Connecting to sqlite database
INFO:root:Connected successfully
INFO:root:Checking if contactos.db exists
INFO:root:contactos.db already exists!
INFO:root:Creating Tkinter frame container
INFO:root:Creating frames
INFO:root:Rendering frame all_contacts
INFO:root:Rendered successfully
INFO:root:Rendering frame add_contact
INFO:root:Rendered frame successfully
INFO:root:Rendering <class 'modules.main_menu.Menu'>
INFO:root:Rendering <class 'modules.add_contact.Add'>
INFO:root:Building view from ./views/contact.xml
INFO:root:Parsing XML...
INFO:root:XML successfully parsed
INFO:root:View built successfully!
INFO:root:Checking contact data
ERROR:root:Debe colocar al menos el numero de telefono o email del contacto.
INFO:root:Checking contact data
INFO:root:Adding record ['Pedro', '0424118231', 'pedro@gmail.com'] on contactos
INFO:root:Query executed successfully
INFO:root:Rendering <class 'modules.main_menu.Menu'>
INFO:root:Rendering <class 'modules.all_contacts.All'>
INFO:root:Building view from ./views/contact.xml
INFO:root:Parsing XML...
INFO:root:XML successfully parsed
INFO:root:View built successfully!
INFO:root:Getting all data from contactos
INFO:root:Query executed successfully
INFO:root:Rendering <class 'modules.main_menu.Menu'>
INFO:root:Program closed, ending database connection...
INFO:root:Connection finished successfully
INFO:root:Connecting to sqlite database
INFO:root:Connected successfully
INFO:root:Checking if contactos.db exists
INFO:root:contactos.db does not exists, creating file...
INFO:root:contactos.db successfully created!
INFO:root:Creating Tkinter frame container
INFO:root:Creating frames
INFO:root:Rendering frame all_contacts
INFO:root:Rendered successfully
INFO:root:Rendering frame add_contact
INFO:root:Rendered frame successfully
INFO:root:Rendering <class 'modules.main_menu.Menu'>
INFO:root:Rendering <class 'modules.all_contacts.All'>
INFO:root:Building view from ./views/contact.xml
INFO:root:Parsing XML...
INFO:root:XML successfully parsed
INFO:root:View built successfully!
INFO:root:Getting all data from contactos
INFO:root:Query executed successfully
INFO:root:Rendering <class 'modules.main_menu.Menu'>
INFO:root:Rendering <class 'modules.add_contact.Add'>
INFO:root:Building view from ./views/contact.xml
INFO:root:Parsing XML...
INFO:root:XML successfully parsed
INFO:root:View built successfully!
INFO:root:Checking contact data
INFO:root:Adding record ['Pedro Contreras', '12331321', ''] on contactos
INFO:root:Query executed successfully
INFO:root:Rendering <class 'modules.main_menu.Menu'>
INFO:root:Rendering <class 'modules.add_contact.Add'>
INFO:root:Building view from ./views/contact.xml
INFO:root:Parsing XML...
INFO:root:XML successfully parsed
INFO:root:View built successfully!
INFO:root:Checking contact data
INFO:root:Adding record ['Carlos', '1233', 'carlos@gmail.com'] on contactos
INFO:root:Query executed successfully
INFO:root:Rendering <class 'modules.main_menu.Menu'>
INFO:root:Rendering <class 'modules.all_contacts.All'>
INFO:root:Building view from ./views/contact.xml
INFO:root:Parsing XML...
INFO:root:XML successfully parsed
INFO:root:View built successfully!
INFO:root:Getting all data from contactos
INFO:root:Query executed successfully
INFO:root:Getting data by name on contactos
INFO:root:Query executed successfully
INFO:root:Program closed, ending database connection...
INFO:root:Connection finished successfully
